<?xml version="1.0" encoding="UTF-8"?>
<testng-results total="17" passed="14" failed="3" skipped="0">
  <reporter-output>
  </reporter-output>
  <suite started-at="2018-06-25T15:33:27Z" name="JBKSiteLinkTestSuite" finished-at="2018-06-25T15:34:03Z" duration-ms="36024">
    <groups>
    </groups>
    <test started-at="2018-06-25T15:33:27Z" name="test" finished-at="2018-06-25T15:34:03Z" duration-ms="36024">
      <class name="com.jbk.test.JbkSiteLinkVerify">
        <test-method is-config="true" signature="setupEnvironment()[pri:0, instance:com.jbk.test.JbkSiteLinkVerify@43c1b556]" started-at="2018-06-25T21:02:24Z" name="setupEnvironment" finished-at="2018-06-25T21:03:27Z" duration-ms="62684" status="PASS">
          <reporter-output>
          </reporter-output>
        </test-method> <!-- setupEnvironment -->
        <test-method signature="verifyJBKSite(java.lang.String)[pri:0, instance:com.jbk.test.JbkSiteLinkVerify@43c1b556]" started-at="2018-06-25T21:03:27Z" name="verifyJBKSite" data-provider="verifyLinks" finished-at="2018-06-25T21:03:29Z" duration-ms="1548" status="PASS">
          <params>
            <param index="0">
              <value>
                <![CDATA[Home]]>
              </value>
            </param>
          </params>
          <reporter-output>
          </reporter-output>
        </test-method> <!-- verifyJBKSite -->
        <test-method signature="verifyJBKSite(java.lang.String)[pri:0, instance:com.jbk.test.JbkSiteLinkVerify@43c1b556]" started-at="2018-06-25T21:03:32Z" name="verifyJBKSite" data-provider="verifyLinks" finished-at="2018-06-25T21:03:33Z" duration-ms="1538" status="FAIL">
          <params>
            <param index="0">
              <value>
                <![CDATA[About Sir]]>
              </value>
            </param>
          </params>
          <exception class="java.lang.AssertionError">
            <message>
              <![CDATA[expected [true] but found [false]]]>
            </message>
            <full-stacktrace>
              <![CDATA[java.lang.AssertionError: expected [true] but found [false]
	at org.testng.Assert.fail(Assert.java:94)
	at org.testng.Assert.failNotEquals(Assert.java:494)
	at org.testng.Assert.assertTrue(Assert.java:42)
	at org.testng.Assert.assertTrue(Assert.java:52)
	at com.jbk.test.JbkSiteLinkVerify.verifyJBKSite(JbkSiteLinkVerify.java:106)
	at java.base/jdk.internal.reflect.NativeMethodAccessorImpl.invoke0(Native Method)
	at java.base/jdk.internal.reflect.NativeMethodAccessorImpl.invoke(Unknown Source)
	at java.base/jdk.internal.reflect.DelegatingMethodAccessorImpl.invoke(Unknown Source)
	at java.base/java.lang.reflect.Method.invoke(Unknown Source)
	at org.testng.internal.MethodInvocationHelper.invokeMethod(MethodInvocationHelper.java:80)
	at org.testng.internal.Invoker.invokeMethod(Invoker.java:714)
	at org.testng.internal.Invoker.invokeTestMethod(Invoker.java:901)
	at org.testng.internal.Invoker.invokeTestMethods(Invoker.java:1231)
	at org.testng.internal.TestMethodWorker.invokeTestMethods(TestMethodWorker.java:127)
	at org.testng.internal.TestMethodWorker.run(TestMethodWorker.java:111)
	at org.testng.TestRunner.privateRun(TestRunner.java:767)
	at org.testng.TestRunner.run(TestRunner.java:617)
	at org.testng.SuiteRunner.runTest(SuiteRunner.java:334)
	at org.testng.SuiteRunner.runSequentially(SuiteRunner.java:329)
	at org.testng.SuiteRunner.privateRun(SuiteRunner.java:291)
	at org.testng.SuiteRunner.run(SuiteRunner.java:240)
	at org.testng.SuiteRunnerWorker.runSuite(SuiteRunnerWorker.java:52)
	at org.testng.SuiteRunnerWorker.run(SuiteRunnerWorker.java:86)
	at org.testng.TestNG.runSuitesSequentially(TestNG.java:1198)
	at org.testng.TestNG.runSuitesLocally(TestNG.java:1123)
	at org.testng.TestNG.run(TestNG.java:1031)
	at org.testng.remote.AbstractRemoteTestNG.run(AbstractRemoteTestNG.java:114)
	at org.testng.remote.RemoteTestNG.initAndRun(RemoteTestNG.java:251)
	at org.testng.remote.RemoteTestNG.main(RemoteTestNG.java:77)
]]>
            </full-stacktrace>
          </exception> <!-- java.lang.AssertionError -->
          <reporter-output>
          </reporter-output>
        </test-method> <!-- verifyJBKSite -->
        <test-method signature="verifyJBKSite(java.lang.String)[pri:0, instance:com.jbk.test.JbkSiteLinkVerify@43c1b556]" started-at="2018-06-25T21:03:34Z" name="verifyJBKSite" data-provider="verifyLinks" finished-at="2018-06-25T21:03:36Z" duration-ms="1994" status="PASS">
          <params>
            <param index="0">
              <value>
                <![CDATA[Java Syllabus]]>
              </value>
            </param>
          </params>
          <reporter-output>
          </reporter-output>
        </test-method> <!-- verifyJBKSite -->
        <test-method signature="verifyJBKSite(java.lang.String)[pri:0, instance:com.jbk.test.JbkSiteLinkVerify@43c1b556]" started-at="2018-06-25T21:03:37Z" name="verifyJBKSite" data-provider="verifyLinks" finished-at="2018-06-25T21:03:39Z" duration-ms="1539" status="PASS">
          <params>
            <param index="0">
              <value>
                <![CDATA[Selenium Syllabus]]>
              </value>
            </param>
          </params>
          <reporter-output>
          </reporter-output>
        </test-method> <!-- verifyJBKSite -->
        <test-method signature="verifyJBKSite(java.lang.String)[pri:0, instance:com.jbk.test.JbkSiteLinkVerify@43c1b556]" started-at="2018-06-25T21:03:39Z" name="verifyJBKSite" data-provider="verifyLinks" finished-at="2018-06-25T21:03:42Z" duration-ms="2585" status="PASS">
          <params>
            <param index="0">
              <value>
                <![CDATA[Python Syllabus]]>
              </value>
            </param>
          </params>
          <reporter-output>
          </reporter-output>
        </test-method> <!-- verifyJBKSite -->
        <test-method signature="verifyJBKSite(java.lang.String)[pri:0, instance:com.jbk.test.JbkSiteLinkVerify@43c1b556]" started-at="2018-06-25T21:03:42Z" name="verifyJBKSite" data-provider="verifyLinks" finished-at="2018-06-25T21:03:45Z" duration-ms="3408" status="PASS">
          <params>
            <param index="0">
              <value>
                <![CDATA[Videos]]>
              </value>
            </param>
          </params>
          <reporter-output>
          </reporter-output>
        </test-method> <!-- verifyJBKSite -->
        <test-method signature="verifyJBKSite(java.lang.String)[pri:0, instance:com.jbk.test.JbkSiteLinkVerify@43c1b556]" started-at="2018-06-25T21:03:46Z" name="verifyJBKSite" data-provider="verifyLinks" finished-at="2018-06-25T21:03:47Z" duration-ms="1193" status="PASS">
          <params>
            <param index="0">
              <value>
                <![CDATA[Services]]>
              </value>
            </param>
          </params>
          <reporter-output>
          </reporter-output>
        </test-method> <!-- verifyJBKSite -->
        <test-method signature="verifyJBKSite(java.lang.String)[pri:0, instance:com.jbk.test.JbkSiteLinkVerify@43c1b556]" started-at="2018-06-25T21:03:47Z" name="verifyJBKSite" data-provider="verifyLinks" finished-at="2018-06-25T21:03:49Z" duration-ms="1091" status="PASS">
          <params>
            <param index="0">
              <value>
                <![CDATA[Gallery]]>
              </value>
            </param>
          </params>
          <reporter-output>
          </reporter-output>
        </test-method> <!-- verifyJBKSite -->
        <test-method signature="verifyJBKSite(java.lang.String)[pri:0, instance:com.jbk.test.JbkSiteLinkVerify@43c1b556]" started-at="2018-06-25T21:03:49Z" name="verifyJBKSite" data-provider="verifyLinks" finished-at="2018-06-25T21:03:50Z" duration-ms="1130" status="PASS">
          <params>
            <param index="0">
              <value>
                <![CDATA[My Books]]>
              </value>
            </param>
          </params>
          <reporter-output>
          </reporter-output>
        </test-method> <!-- verifyJBKSite -->
        <test-method signature="verifyJBKSite(java.lang.String)[pri:0, instance:com.jbk.test.JbkSiteLinkVerify@43c1b556]" started-at="2018-06-25T21:03:50Z" name="verifyJBKSite" data-provider="verifyLinks" finished-at="2018-06-25T21:03:52Z" duration-ms="1110" status="PASS">
          <params>
            <param index="0">
              <value>
                <![CDATA[Old Student Feedback]]>
              </value>
            </param>
          </params>
          <reporter-output>
          </reporter-output>
        </test-method> <!-- verifyJBKSite -->
        <test-method signature="verifyJBKSite(java.lang.String)[pri:0, instance:com.jbk.test.JbkSiteLinkVerify@43c1b556]" started-at="2018-06-25T21:03:52Z" name="verifyJBKSite" data-provider="verifyLinks" finished-at="2018-06-25T21:03:53Z" duration-ms="1047" status="PASS">
          <params>
            <param index="0">
              <value>
                <![CDATA[Class Room Examples]]>
              </value>
            </param>
          </params>
          <reporter-output>
          </reporter-output>
        </test-method> <!-- verifyJBKSite -->
        <test-method signature="verifyJBKSite(java.lang.String)[pri:0, instance:com.jbk.test.JbkSiteLinkVerify@43c1b556]" started-at="2018-06-25T21:03:53Z" name="verifyJBKSite" data-provider="verifyLinks" finished-at="2018-06-25T21:03:56Z" duration-ms="2548" status="PASS">
          <params>
            <param index="0">
              <value>
                <![CDATA[Contact]]>
              </value>
            </param>
          </params>
          <reporter-output>
          </reporter-output>
        </test-method> <!-- verifyJBKSite -->
        <test-method signature="verifyJBKSite(java.lang.String)[pri:0, instance:com.jbk.test.JbkSiteLinkVerify@43c1b556]" started-at="2018-06-25T21:03:56Z" name="verifyJBKSite" data-provider="verifyLinks" finished-at="2018-06-25T21:03:58Z" duration-ms="1069" status="PASS">
          <params>
            <param index="0">
              <value>
                <![CDATA[Interview Questions]]>
              </value>
            </param>
          </params>
          <reporter-output>
          </reporter-output>
        </test-method> <!-- verifyJBKSite -->
        <test-method signature="verifyJBKSite(java.lang.String)[pri:0, instance:com.jbk.test.JbkSiteLinkVerify@43c1b556]" started-at="2018-06-25T21:03:58Z" name="verifyJBKSite" data-provider="verifyLinks" finished-at="2018-06-25T21:03:59Z" duration-ms="1120" status="PASS">
          <params>
            <param index="0">
              <value>
                <![CDATA[Tutorials]]>
              </value>
            </param>
          </params>
          <reporter-output>
          </reporter-output>
        </test-method> <!-- verifyJBKSite -->
        <test-method signature="verifyJBKSite(java.lang.String)[pri:0, instance:com.jbk.test.JbkSiteLinkVerify@43c1b556]" started-at="2018-06-25T21:04:00Z" name="verifyJBKSite" data-provider="verifyLinks" finished-at="2018-06-25T21:04:01Z" duration-ms="1028" status="PASS">
          <params>
            <param index="0">
              <value>
                <![CDATA[Corporate Training]]>
              </value>
            </param>
          </params>
          <reporter-output>
          </reporter-output>
        </test-method> <!-- verifyJBKSite -->
        <test-method signature="verifyJBKSite(java.lang.String)[pri:0, instance:com.jbk.test.JbkSiteLinkVerify@43c1b556]" started-at="2018-06-25T21:04:01Z" name="verifyJBKSite" data-provider="verifyLinks" finished-at="2018-06-25T21:04:02Z" duration-ms="685" status="FAIL">
          <params>
            <param index="0">
              <value>
                <![CDATA[Recruiters]]>
              </value>
            </param>
          </params>
          <exception class="java.lang.AssertionError">
            <message>
              <![CDATA[expected [true] but found [false]]]>
            </message>
            <full-stacktrace>
              <![CDATA[java.lang.AssertionError: expected [true] but found [false]
	at org.testng.Assert.fail(Assert.java:94)
	at org.testng.Assert.failNotEquals(Assert.java:494)
	at org.testng.Assert.assertTrue(Assert.java:42)
	at org.testng.Assert.assertTrue(Assert.java:52)
	at com.jbk.test.JbkSiteLinkVerify.verifyJBKSite(JbkSiteLinkVerify.java:106)
	at java.base/jdk.internal.reflect.NativeMethodAccessorImpl.invoke0(Native Method)
	at java.base/jdk.internal.reflect.NativeMethodAccessorImpl.invoke(Unknown Source)
	at java.base/jdk.internal.reflect.DelegatingMethodAccessorImpl.invoke(Unknown Source)
	at java.base/java.lang.reflect.Method.invoke(Unknown Source)
	at org.testng.internal.MethodInvocationHelper.invokeMethod(MethodInvocationHelper.java:80)
	at org.testng.internal.Invoker.invokeMethod(Invoker.java:714)
	at org.testng.internal.Invoker.invokeTestMethod(Invoker.java:901)
	at org.testng.internal.Invoker.invokeTestMethods(Invoker.java:1231)
	at org.testng.internal.TestMethodWorker.invokeTestMethods(TestMethodWorker.java:127)
	at org.testng.internal.TestMethodWorker.run(TestMethodWorker.java:111)
	at org.testng.TestRunner.privateRun(TestRunner.java:767)
	at org.testng.TestRunner.run(TestRunner.java:617)
	at org.testng.SuiteRunner.runTest(SuiteRunner.java:334)
	at org.testng.SuiteRunner.runSequentially(SuiteRunner.java:329)
	at org.testng.SuiteRunner.privateRun(SuiteRunner.java:291)
	at org.testng.SuiteRunner.run(SuiteRunner.java:240)
	at org.testng.SuiteRunnerWorker.runSuite(SuiteRunnerWorker.java:52)
	at org.testng.SuiteRunnerWorker.run(SuiteRunnerWorker.java:86)
	at org.testng.TestNG.runSuitesSequentially(TestNG.java:1198)
	at org.testng.TestNG.runSuitesLocally(TestNG.java:1123)
	at org.testng.TestNG.run(TestNG.java:1031)
	at org.testng.remote.AbstractRemoteTestNG.run(AbstractRemoteTestNG.java:114)
	at org.testng.remote.RemoteTestNG.initAndRun(RemoteTestNG.java:251)
	at org.testng.remote.RemoteTestNG.main(RemoteTestNG.java:77)
]]>
            </full-stacktrace>
          </exception> <!-- java.lang.AssertionError -->
          <reporter-output>
          </reporter-output>
        </test-method> <!-- verifyJBKSite -->
        <test-method signature="verifyJBKSite(java.lang.String)[pri:0, instance:com.jbk.test.JbkSiteLinkVerify@43c1b556]" started-at="2018-06-25T21:04:02Z" name="verifyJBKSite" data-provider="verifyLinks" finished-at="2018-06-25T21:04:03Z" duration-ms="443" status="FAIL">
          <params>
            <param index="0">
              <value>
                <![CDATA[Freshers Zone]]>
              </value>
            </param>
          </params>
          <exception class="java.lang.AssertionError">
            <message>
              <![CDATA[expected [true] but found [false]]]>
            </message>
            <full-stacktrace>
              <![CDATA[java.lang.AssertionError: expected [true] but found [false]
	at org.testng.Assert.fail(Assert.java:94)
	at org.testng.Assert.failNotEquals(Assert.java:494)
	at org.testng.Assert.assertTrue(Assert.java:42)
	at org.testng.Assert.assertTrue(Assert.java:52)
	at com.jbk.test.JbkSiteLinkVerify.verifyJBKSite(JbkSiteLinkVerify.java:106)
	at jdk.internal.reflect.GeneratedMethodAccessor1.invoke(Unknown Source)
	at java.base/jdk.internal.reflect.DelegatingMethodAccessorImpl.invoke(Unknown Source)
	at java.base/java.lang.reflect.Method.invoke(Unknown Source)
	at org.testng.internal.MethodInvocationHelper.invokeMethod(MethodInvocationHelper.java:80)
	at org.testng.internal.Invoker.invokeMethod(Invoker.java:714)
	at org.testng.internal.Invoker.invokeTestMethod(Invoker.java:901)
	at org.testng.internal.Invoker.invokeTestMethods(Invoker.java:1231)
	at org.testng.internal.TestMethodWorker.invokeTestMethods(TestMethodWorker.java:127)
	at org.testng.internal.TestMethodWorker.run(TestMethodWorker.java:111)
	at org.testng.TestRunner.privateRun(TestRunner.java:767)
	at org.testng.TestRunner.run(TestRunner.java:617)
	at org.testng.SuiteRunner.runTest(SuiteRunner.java:334)
	at org.testng.SuiteRunner.runSequentially(SuiteRunner.java:329)
	at org.testng.SuiteRunner.privateRun(SuiteRunner.java:291)
	at org.testng.SuiteRunner.run(SuiteRunner.java:240)
	at org.testng.SuiteRunnerWorker.runSuite(SuiteRunnerWorker.java:52)
	at org.testng.SuiteRunnerWorker.run(SuiteRunnerWorker.java:86)
	at org.testng.TestNG.runSuitesSequentially(TestNG.java:1198)
	at org.testng.TestNG.runSuitesLocally(TestNG.java:1123)
	at org.testng.TestNG.run(TestNG.java:1031)
	at org.testng.remote.AbstractRemoteTestNG.run(AbstractRemoteTestNG.java:114)
	at org.testng.remote.RemoteTestNG.initAndRun(RemoteTestNG.java:251)
	at org.testng.remote.RemoteTestNG.main(RemoteTestNG.java:77)
]]>
            </full-stacktrace>
          </exception> <!-- java.lang.AssertionError -->
          <reporter-output>
          </reporter-output>
        </test-method> <!-- verifyJBKSite -->
        <test-method is-config="true" signature="tearDown()[pri:0, instance:com.jbk.test.JbkSiteLinkVerify@43c1b556]" started-at="2018-06-25T21:04:04Z" name="tearDown" finished-at="2018-06-25T21:04:08Z" duration-ms="4536" status="PASS">
          <reporter-output>
          </reporter-output>
        </test-method> <!-- tearDown -->
      </class> <!-- com.jbk.test.JbkSiteLinkVerify -->
    </test> <!-- test -->
  </suite> <!-- JBKSiteLinkTestSuite -->
</testng-results>
